<?xml version="1.0" encoding="UTF-8"?>
<!-- Generated by org.testng.reporters.JUnitReportReporter -->
<testsuite hostname="LAPTOP-BJGJTP7K" failures="0" tests="1" name="com.project.tests.AddElementTest" time="9.547" errors="0" timestamp="2023-02-07T22:08:01 COT" skipped="0">
  <testcase classname="com.project.tests.AddElementTest" name="test" time="9.547"/>
  <system-out/>
</testsuite> <!-- com.project.tests.AddElementTest -->
