<?xml version="1.0" encoding="UTF-8"?>
<!-- Generated by org.testng.reporters.JUnitReportReporter -->
<testsuite hostname="LAPTOP-BJGJTP7K" failures="0" tests="1" name="com.project.tests.HomeTest" time="14.485" errors="0" timestamp="2023-02-05T09:33:33 COT" skipped="0">
  <testcase classname="com.project.tests.HomeTest" name="test" time="14.485"/>
  <system-out/>
</testsuite> <!-- com.project.tests.HomeTest -->
