<?xml version="1.0" encoding="UTF-8"?>
<!-- Generated by org.testng.reporters.JUnitReportReporter -->
<testsuite hostname="LAPTOP-BJGJTP7K" failures="0" tests="1" name="com.project.tests.HomeTest" time="9.002" errors="0" timestamp="2023-02-07T21:54:36 COT" skipped="0">
  <testcase classname="com.project.tests.HomeTest" name="test" time="9.002"/>
  <system-out/>
</testsuite> <!-- com.project.tests.HomeTest -->
